2025-10-03T13:44:34.540215Z  INFO tailwindcss_oxide::scanner: Provided sources:
2025-10-03T13:44:34.541198Z  INFO tailwindcss_oxide::scanner: Source: PublicSourceEntry { base: "C:\\Dr.Dgb\\2025 VISION\\MY PORTFOLIO\\boris-portfolio", pattern: "**/*", negated: false }
2025-10-03T13:44:34.541661Z  INFO tailwindcss_oxide::scanner: Optimized sources:
2025-10-03T13:44:34.541748Z  INFO tailwindcss_oxide::scanner: Source: Auto { base: "C:\\Dr.Dgb\\2025 VISION\\MY PORTFOLIO\\boris-portfolio" }
2025-10-03T13:44:34.549375Z  INFO scan_sources: tailwindcss_oxide::scanner: enter
2025-10-03T13:44:34.553025Z  INFO scan_sources: tailwindcss_oxide::scanner: Discovering "C:\\Dr.Dgb\\2025 VISION\\MY PORTFOLIO\\boris-portfolio\\.eslintrc.json"
2025-10-03T13:44:34.554565Z  INFO scan_sources: tailwindcss_oxide::scanner: Discovering "C:\\Dr.Dgb\\2025 VISION\\MY PORTFOLIO\\boris-portfolio\\content"
2025-10-03T13:44:34.555019Z  INFO scan_sources: tailwindcss_oxide::scanner: Discovering "C:\\Dr.Dgb\\2025 VISION\\MY PORTFOLIO\\boris-portfolio\\content\\about-detailed.json"
2025-10-03T13:44:34.555198Z  INFO scan_sources: tailwindcss_oxide::scanner: Discovering "C:\\Dr.Dgb\\2025 VISION\\MY PORTFOLIO\\boris-portfolio\\content\\about.json"
2025-10-03T13:44:34.555494Z  INFO scan_sources: tailwindcss_oxide::scanner: Discovering "C:\\Dr.Dgb\\2025 VISION\\MY PORTFOLIO\\boris-portfolio\\content\\case-studies"
2025-10-03T13:44:34.555932Z  INFO scan_sources: tailwindcss_oxide::scanner: Discovering "C:\\Dr.Dgb\\2025 VISION\\MY PORTFOLIO\\boris-portfolio\\content\\case-studies\\futurafric-ui-uplift.mdx"
2025-10-03T13:44:34.556212Z  INFO scan_sources: tailwindcss_oxide::scanner: Discovering "C:\\Dr.Dgb\\2025 VISION\\MY PORTFOLIO\\boris-portfolio\\content\\projects.json"
2025-10-03T13:44:34.556392Z  INFO scan_sources: tailwindcss_oxide::scanner: Discovering "C:\\Dr.Dgb\\2025 VISION\\MY PORTFOLIO\\boris-portfolio\\content\\skills.json"
2025-10-03T13:44:34.556710Z  INFO scan_sources: tailwindcss_oxide::scanner: Discovering "C:\\Dr.Dgb\\2025 VISION\\MY PORTFOLIO\\boris-portfolio\\content\\translations"
2025-10-03T13:44:34.557177Z  INFO scan_sources: tailwindcss_oxide::scanner: Discovering "C:\\Dr.Dgb\\2025 VISION\\MY PORTFOLIO\\boris-portfolio\\content\\translations\\en.json"
2025-10-03T13:44:34.557377Z  INFO scan_sources: tailwindcss_oxide::scanner: Discovering "C:\\Dr.Dgb\\2025 VISION\\MY PORTFOLIO\\boris-portfolio\\content\\translations\\fr.json"
2025-10-03T13:44:34.557679Z  INFO scan_sources: tailwindcss_oxide::scanner: Discovering "C:\\Dr.Dgb\\2025 VISION\\MY PORTFOLIO\\boris-portfolio\\contentlayer.config.ts"
2025-10-03T13:44:34.557866Z  INFO scan_sources: tailwindcss_oxide::scanner: Discovering "C:\\Dr.Dgb\\2025 VISION\\MY PORTFOLIO\\boris-portfolio\\DEVELOPMENT.md"
2025-10-03T13:44:34.558062Z  INFO scan_sources: tailwindcss_oxide::scanner: Discovering "C:\\Dr.Dgb\\2025 VISION\\MY PORTFOLIO\\boris-portfolio\\eslint.config.mjs"
2025-10-03T13:44:34.558243Z  INFO scan_sources: tailwindcss_oxide::scanner: Discovering "C:\\Dr.Dgb\\2025 VISION\\MY PORTFOLIO\\boris-portfolio\\middleware.ts"
2025-10-03T13:44:34.558427Z  INFO scan_sources: tailwindcss_oxide::scanner: Discovering "C:\\Dr.Dgb\\2025 VISION\\MY PORTFOLIO\\boris-portfolio\\netlify.toml"
2025-10-03T13:44:34.558627Z  INFO scan_sources: tailwindcss_oxide::scanner: Discovering "C:\\Dr.Dgb\\2025 VISION\\MY PORTFOLIO\\boris-portfolio\\next.config.ts"
2025-10-03T13:44:34.559396Z  INFO scan_sources: tailwindcss_oxide::scanner: Discovering "C:\\Dr.Dgb\\2025 VISION\\MY PORTFOLIO\\boris-portfolio\\package.json"
2025-10-03T13:44:34.559587Z  INFO scan_sources: tailwindcss_oxide::scanner: Discovering "C:\\Dr.Dgb\\2025 VISION\\MY PORTFOLIO\\boris-portfolio\\postcss.config.mjs"
2025-10-03T13:44:34.559901Z  INFO scan_sources: tailwindcss_oxide::scanner: Discovering "C:\\Dr.Dgb\\2025 VISION\\MY PORTFOLIO\\boris-portfolio\\public"
2025-10-03T13:44:34.560472Z  INFO scan_sources: tailwindcss_oxide::scanner: Discovering "C:\\Dr.Dgb\\2025 VISION\\MY PORTFOLIO\\boris-portfolio\\public\\documents"
2025-10-03T13:44:34.560993Z  INFO scan_sources: tailwindcss_oxide::scanner: Discovering "C:\\Dr.Dgb\\2025 VISION\\MY PORTFOLIO\\boris-portfolio\\public\\file.svg"
2025-10-03T13:44:34.562327Z  INFO scan_sources: tailwindcss_oxide::scanner: Discovering "C:\\Dr.Dgb\\2025 VISION\\MY PORTFOLIO\\boris-portfolio\\public\\globe.svg"
2025-10-03T13:44:34.562780Z  INFO scan_sources: tailwindcss_oxide::scanner: Discovering "C:\\Dr.Dgb\\2025 VISION\\MY PORTFOLIO\\boris-portfolio\\public\\images"
2025-10-03T13:44:34.567821Z  INFO scan_sources: tailwindcss_oxide::scanner: Discovering "C:\\Dr.Dgb\\2025 VISION\\MY PORTFOLIO\\boris-portfolio\\public\\images\\projects"
2025-10-03T13:44:34.568903Z  INFO scan_sources: tailwindcss_oxide::scanner: Discovering "C:\\Dr.Dgb\\2025 VISION\\MY PORTFOLIO\\boris-portfolio\\public\\images\\projects\\futurafric"
2025-10-03T13:44:34.569807Z  INFO scan_sources: tailwindcss_oxide::scanner: Discovering "C:\\Dr.Dgb\\2025 VISION\\MY PORTFOLIO\\boris-portfolio\\public\\next.svg"
2025-10-03T13:44:34.570028Z  INFO scan_sources: tailwindcss_oxide::scanner: Discovering "C:\\Dr.Dgb\\2025 VISION\\MY PORTFOLIO\\boris-portfolio\\public\\vercel.svg"
2025-10-03T13:44:34.570208Z  INFO scan_sources: tailwindcss_oxide::scanner: Discovering "C:\\Dr.Dgb\\2025 VISION\\MY PORTFOLIO\\boris-portfolio\\public\\window.svg"
2025-10-03T13:44:34.570440Z  INFO scan_sources: tailwindcss_oxide::scanner: Discovering "C:\\Dr.Dgb\\2025 VISION\\MY PORTFOLIO\\boris-portfolio\\README.md"
2025-10-03T13:44:34.570846Z  INFO scan_sources: tailwindcss_oxide::scanner: Discovering "C:\\Dr.Dgb\\2025 VISION\\MY PORTFOLIO\\boris-portfolio\\src"
2025-10-03T13:44:34.571540Z  INFO scan_sources: tailwindcss_oxide::scanner: Discovering "C:\\Dr.Dgb\\2025 VISION\\MY PORTFOLIO\\boris-portfolio\\src\\app"
2025-10-03T13:44:34.572249Z  INFO scan_sources: tailwindcss_oxide::scanner: Discovering "C:\\Dr.Dgb\\2025 VISION\\MY PORTFOLIO\\boris-portfolio\\src\\app\\api"
2025-10-03T13:44:34.572926Z  INFO scan_sources: tailwindcss_oxide::scanner: Discovering "C:\\Dr.Dgb\\2025 VISION\\MY PORTFOLIO\\boris-portfolio\\src\\app\\api\\resume"
2025-10-03T13:44:34.573405Z  INFO scan_sources: tailwindcss_oxide::scanner: Discovering "C:\\Dr.Dgb\\2025 VISION\\MY PORTFOLIO\\boris-portfolio\\src\\app\\api\\resume\\route.ts"
2025-10-03T13:44:34.573753Z  INFO scan_sources: tailwindcss_oxide::scanner: Discovering "C:\\Dr.Dgb\\2025 VISION\\MY PORTFOLIO\\boris-portfolio\\src\\app\\globals.css"
2025-10-03T13:44:34.573948Z  INFO scan_sources: tailwindcss_oxide::scanner: Discovering "C:\\Dr.Dgb\\2025 VISION\\MY PORTFOLIO\\boris-portfolio\\src\\app\\layout.tsx"
2025-10-03T13:44:34.574129Z  INFO scan_sources: tailwindcss_oxide::scanner: Discovering "C:\\Dr.Dgb\\2025 VISION\\MY PORTFOLIO\\boris-portfolio\\src\\app\\page.tsx"
2025-10-03T13:44:34.574323Z  INFO scan_sources: tailwindcss_oxide::scanner: Discovering "C:\\Dr.Dgb\\2025 VISION\\MY PORTFOLIO\\boris-portfolio\\src\\app\\robots.ts"
2025-10-03T13:44:34.574892Z  INFO scan_sources: tailwindcss_oxide::scanner: Discovering "C:\\Dr.Dgb\\2025 VISION\\MY PORTFOLIO\\boris-portfolio\\src\\app\\sitemap.ts"
2025-10-03T13:44:34.575523Z  INFO scan_sources: tailwindcss_oxide::scanner: Discovering "C:\\Dr.Dgb\\2025 VISION\\MY PORTFOLIO\\boris-portfolio\\src\\app\\[locale]"
2025-10-03T13:44:34.576263Z  INFO scan_sources: tailwindcss_oxide::scanner: Discovering "C:\\Dr.Dgb\\2025 VISION\\MY PORTFOLIO\\boris-portfolio\\src\\app\\[locale]\\about"
2025-10-03T13:44:34.576740Z  INFO scan_sources: tailwindcss_oxide::scanner: Discovering "C:\\Dr.Dgb\\2025 VISION\\MY PORTFOLIO\\boris-portfolio\\src\\app\\[locale]\\about\\page.tsx"
2025-10-03T13:44:34.577108Z  INFO scan_sources: tailwindcss_oxide::scanner: Discovering "C:\\Dr.Dgb\\2025 VISION\\MY PORTFOLIO\\boris-portfolio\\src\\app\\[locale]\\contact"
2025-10-03T13:44:34.577515Z  INFO scan_sources: tailwindcss_oxide::scanner: Discovering "C:\\Dr.Dgb\\2025 VISION\\MY PORTFOLIO\\boris-portfolio\\src\\app\\[locale]\\contact\\page.tsx"
2025-10-03T13:44:34.578908Z  INFO scan_sources: tailwindcss_oxide::scanner: Discovering "C:\\Dr.Dgb\\2025 VISION\\MY PORTFOLIO\\boris-portfolio\\src\\app\\[locale]\\layout.tsx"
2025-10-03T13:44:34.579353Z  INFO scan_sources: tailwindcss_oxide::scanner: Discovering "C:\\Dr.Dgb\\2025 VISION\\MY PORTFOLIO\\boris-portfolio\\src\\app\\[locale]\\page.tsx"
2025-10-03T13:44:34.579732Z  INFO scan_sources: tailwindcss_oxide::scanner: Discovering "C:\\Dr.Dgb\\2025 VISION\\MY PORTFOLIO\\boris-portfolio\\src\\app\\[locale]\\system"
2025-10-03T13:44:34.580216Z  INFO scan_sources: tailwindcss_oxide::scanner: Discovering "C:\\Dr.Dgb\\2025 VISION\\MY PORTFOLIO\\boris-portfolio\\src\\app\\[locale]\\system\\page.tsx"
2025-10-03T13:44:34.580622Z  INFO scan_sources: tailwindcss_oxide::scanner: Discovering "C:\\Dr.Dgb\\2025 VISION\\MY PORTFOLIO\\boris-portfolio\\src\\app\\[locale]\\test-monaco"
2025-10-03T13:44:34.581106Z  INFO scan_sources: tailwindcss_oxide::scanner: Discovering "C:\\Dr.Dgb\\2025 VISION\\MY PORTFOLIO\\boris-portfolio\\src\\app\\[locale]\\test-monaco\\page.tsx"
2025-10-03T13:44:34.581600Z  INFO scan_sources: tailwindcss_oxide::scanner: Discovering "C:\\Dr.Dgb\\2025 VISION\\MY PORTFOLIO\\boris-portfolio\\src\\app\\[locale]\\work"
2025-10-03T13:44:34.585074Z  INFO scan_sources: tailwindcss_oxide::scanner: Discovering "C:\\Dr.Dgb\\2025 VISION\\MY PORTFOLIO\\boris-portfolio\\src\\app\\[locale]\\work\\futurafric-portfolio"
2025-10-03T13:44:34.586819Z  INFO scan_sources: tailwindcss_oxide::scanner: Discovering "C:\\Dr.Dgb\\2025 VISION\\MY PORTFOLIO\\boris-portfolio\\src\\app\\[locale]\\work\\futurafric-portfolio\\page.tsx"
2025-10-03T13:44:34.587178Z  INFO scan_sources: tailwindcss_oxide::scanner: Discovering "C:\\Dr.Dgb\\2025 VISION\\MY PORTFOLIO\\boris-portfolio\\src\\app\\[locale]\\work\\page.tsx"
2025-10-03T13:44:34.587527Z  INFO scan_sources: tailwindcss_oxide::scanner: Discovering "C:\\Dr.Dgb\\2025 VISION\\MY PORTFOLIO\\boris-portfolio\\src\\app\\[locale]\\work\\[slug]"
2025-10-03T13:44:34.587994Z  INFO scan_sources: tailwindcss_oxide::scanner: Discovering "C:\\Dr.Dgb\\2025 VISION\\MY PORTFOLIO\\boris-portfolio\\src\\app\\[locale]\\work\\[slug]\\page.tsx"
2025-10-03T13:44:34.588526Z  INFO scan_sources: tailwindcss_oxide::scanner: Discovering "C:\\Dr.Dgb\\2025 VISION\\MY PORTFOLIO\\boris-portfolio\\src\\components"
2025-10-03T13:44:34.589097Z  INFO scan_sources: tailwindcss_oxide::scanner: Discovering "C:\\Dr.Dgb\\2025 VISION\\MY PORTFOLIO\\boris-portfolio\\src\\components\\about"
2025-10-03T13:44:34.589525Z  INFO scan_sources: tailwindcss_oxide::scanner: Discovering "C:\\Dr.Dgb\\2025 VISION\\MY PORTFOLIO\\boris-portfolio\\src\\components\\about\\about-header.tsx"
2025-10-03T13:44:34.589728Z  INFO scan_sources: tailwindcss_oxide::scanner: Discovering "C:\\Dr.Dgb\\2025 VISION\\MY PORTFOLIO\\boris-portfolio\\src\\components\\about\\contact-card.tsx"
2025-10-03T13:44:34.589905Z  INFO scan_sources: tailwindcss_oxide::scanner: Discovering "C:\\Dr.Dgb\\2025 VISION\\MY PORTFOLIO\\boris-portfolio\\src\\components\\about\\education-section.tsx"
2025-10-03T13:44:34.590080Z  INFO scan_sources: tailwindcss_oxide::scanner: Discovering "C:\\Dr.Dgb\\2025 VISION\\MY PORTFOLIO\\boris-portfolio\\src\\components\\about\\experience-timeline.tsx"
2025-10-03T13:44:34.590255Z  INFO scan_sources: tailwindcss_oxide::scanner: Discovering "C:\\Dr.Dgb\\2025 VISION\\MY PORTFOLIO\\boris-portfolio\\src\\components\\about\\skills-card.tsx"
2025-10-03T13:44:34.590648Z  INFO scan_sources: tailwindcss_oxide::scanner: Discovering "C:\\Dr.Dgb\\2025 VISION\\MY PORTFOLIO\\boris-portfolio\\src\\components\\accessibility"
2025-10-03T13:44:34.591281Z  INFO scan_sources: tailwindcss_oxide::scanner: Discovering "C:\\Dr.Dgb\\2025 VISION\\MY PORTFOLIO\\boris-portfolio\\src\\components\\accessibility\\a11y-monitor.tsx"
2025-10-03T13:44:34.591877Z  INFO scan_sources: tailwindcss_oxide::scanner: Discovering "C:\\Dr.Dgb\\2025 VISION\\MY PORTFOLIO\\boris-portfolio\\src\\components\\analytics"
2025-10-03T13:44:34.592472Z  INFO scan_sources: tailwindcss_oxide::scanner: Discovering "C:\\Dr.Dgb\\2025 VISION\\MY PORTFOLIO\\boris-portfolio\\src\\components\\analytics\\analytics.tsx"
2025-10-03T13:44:34.592672Z  INFO scan_sources: tailwindcss_oxide::scanner: Discovering "C:\\Dr.Dgb\\2025 VISION\\MY PORTFOLIO\\boris-portfolio\\src\\components\\analytics\\performance-monitor.tsx"
2025-10-03T13:44:34.593201Z  INFO scan_sources: tailwindcss_oxide::scanner: Discovering "C:\\Dr.Dgb\\2025 VISION\\MY PORTFOLIO\\boris-portfolio\\src\\components\\case-study"
2025-10-03T13:44:34.595835Z  INFO scan_sources: tailwindcss_oxide::scanner: Discovering "C:\\Dr.Dgb\\2025 VISION\\MY PORTFOLIO\\boris-portfolio\\src\\components\\case-study\\case-study-layout.tsx"
2025-10-03T13:44:34.596213Z  INFO scan_sources: tailwindcss_oxide::scanner: Discovering "C:\\Dr.Dgb\\2025 VISION\\MY PORTFOLIO\\boris-portfolio\\src\\components\\footer.tsx"
2025-10-03T13:44:34.596565Z  INFO scan_sources: tailwindcss_oxide::scanner: Discovering "C:\\Dr.Dgb\\2025 VISION\\MY PORTFOLIO\\boris-portfolio\\src\\components\\mdx"
2025-10-03T13:44:34.597024Z  INFO scan_sources: tailwindcss_oxide::scanner: Discovering "C:\\Dr.Dgb\\2025 VISION\\MY PORTFOLIO\\boris-portfolio\\src\\components\\mdx\\mdx-content.tsx"
2025-10-03T13:44:34.597274Z  INFO scan_sources: tailwindcss_oxide::scanner: Discovering "C:\\Dr.Dgb\\2025 VISION\\MY PORTFOLIO\\boris-portfolio\\src\\components\\navigation.tsx"
2025-10-03T13:44:34.597628Z  INFO scan_sources: tailwindcss_oxide::scanner: Discovering "C:\\Dr.Dgb\\2025 VISION\\MY PORTFOLIO\\boris-portfolio\\src\\components\\sections"
2025-10-03T13:44:34.598290Z  INFO scan_sources: tailwindcss_oxide::scanner: Discovering "C:\\Dr.Dgb\\2025 VISION\\MY PORTFOLIO\\boris-portfolio\\src\\components\\sections\\about-hero.tsx"
2025-10-03T13:44:34.598601Z  INFO scan_sources: tailwindcss_oxide::scanner: Discovering "C:\\Dr.Dgb\\2025 VISION\\MY PORTFOLIO\\boris-portfolio\\src\\components\\sections\\about-process.tsx"
2025-10-03T13:44:34.599823Z  INFO scan_sources: tailwindcss_oxide::scanner: Discovering "C:\\Dr.Dgb\\2025 VISION\\MY PORTFOLIO\\boris-portfolio\\src\\components\\sections\\about-timeline.tsx"
2025-10-03T13:44:34.600216Z  INFO scan_sources: tailwindcss_oxide::scanner: Discovering "C:\\Dr.Dgb\\2025 VISION\\MY PORTFOLIO\\boris-portfolio\\src\\components\\sections\\about-toolchain.tsx"
2025-10-03T13:44:34.600682Z  INFO scan_sources: tailwindcss_oxide::scanner: Discovering "C:\\Dr.Dgb\\2025 VISION\\MY PORTFOLIO\\boris-portfolio\\src\\components\\sections\\component-playground.tsx"
2025-10-03T13:44:34.600875Z  INFO scan_sources: tailwindcss_oxide::scanner: Discovering "C:\\Dr.Dgb\\2025 VISION\\MY PORTFOLIO\\boris-portfolio\\src\\components\\sections\\contact-form.tsx"
2025-10-03T13:44:34.601049Z  INFO scan_sources: tailwindcss_oxide::scanner: Discovering "C:\\Dr.Dgb\\2025 VISION\\MY PORTFOLIO\\boris-portfolio\\src\\components\\sections\\contact-hero.tsx"
2025-10-03T13:44:34.601241Z  INFO scan_sources: tailwindcss_oxide::scanner: Discovering "C:\\Dr.Dgb\\2025 VISION\\MY PORTFOLIO\\boris-portfolio\\src\\components\\sections\\contact-info.tsx"
2025-10-03T13:44:34.601420Z  INFO scan_sources: tailwindcss_oxide::scanner: Discovering "C:\\Dr.Dgb\\2025 VISION\\MY PORTFOLIO\\boris-portfolio\\src\\components\\sections\\design-tokens-panel.tsx"
2025-10-03T13:44:34.601727Z  INFO scan_sources: tailwindcss_oxide::scanner: Discovering "C:\\Dr.Dgb\\2025 VISION\\MY PORTFOLIO\\boris-portfolio\\src\\components\\sections\\featured-work.tsx"
2025-10-03T13:44:34.602207Z  INFO scan_sources: tailwindcss_oxide::scanner: Discovering "C:\\Dr.Dgb\\2025 VISION\\MY PORTFOLIO\\boris-portfolio\\src\\components\\sections\\hero.tsx"
2025-10-03T13:44:34.602754Z  INFO scan_sources: tailwindcss_oxide::scanner: Discovering "C:\\Dr.Dgb\\2025 VISION\\MY PORTFOLIO\\boris-portfolio\\src\\components\\sections\\recruiter-highlights.tsx"
2025-10-03T13:44:34.602986Z  INFO scan_sources: tailwindcss_oxide::scanner: Discovering "C:\\Dr.Dgb\\2025 VISION\\MY PORTFOLIO\\boris-portfolio\\src\\components\\sections\\typography-playground.tsx"
2025-10-03T13:44:34.603187Z  INFO scan_sources: tailwindcss_oxide::scanner: Discovering "C:\\Dr.Dgb\\2025 VISION\\MY PORTFOLIO\\boris-portfolio\\src\\components\\sections\\work-filters.tsx"
2025-10-03T13:44:34.603448Z  INFO scan_sources: tailwindcss_oxide::scanner: Discovering "C:\\Dr.Dgb\\2025 VISION\\MY PORTFOLIO\\boris-portfolio\\src\\components\\sections\\work-grid.tsx"
2025-10-03T13:44:34.603848Z  INFO scan_sources: tailwindcss_oxide::scanner: Discovering "C:\\Dr.Dgb\\2025 VISION\\MY PORTFOLIO\\boris-portfolio\\src\\components\\seo"
2025-10-03T13:44:34.604279Z  INFO scan_sources: tailwindcss_oxide::scanner: Discovering "C:\\Dr.Dgb\\2025 VISION\\MY PORTFOLIO\\boris-portfolio\\src\\components\\seo\\metadata.tsx"
2025-10-03T13:44:34.604715Z  INFO scan_sources: tailwindcss_oxide::scanner: Discovering "C:\\Dr.Dgb\\2025 VISION\\MY PORTFOLIO\\boris-portfolio\\src\\components\\ui"
2025-10-03T13:44:34.605503Z  INFO scan_sources: tailwindcss_oxide::scanner: Discovering "C:\\Dr.Dgb\\2025 VISION\\MY PORTFOLIO\\boris-portfolio\\src\\components\\ui\\badge.tsx"
2025-10-03T13:44:34.606034Z  INFO scan_sources: tailwindcss_oxide::scanner: Discovering "C:\\Dr.Dgb\\2025 VISION\\MY PORTFOLIO\\boris-portfolio\\src\\components\\ui\\before-after-slider.tsx"
2025-10-03T13:44:34.606314Z  INFO scan_sources: tailwindcss_oxide::scanner: Discovering "C:\\Dr.Dgb\\2025 VISION\\MY PORTFOLIO\\boris-portfolio\\src\\components\\ui\\button.tsx"
2025-10-03T13:44:34.606561Z  INFO scan_sources: tailwindcss_oxide::scanner: Discovering "C:\\Dr.Dgb\\2025 VISION\\MY PORTFOLIO\\boris-portfolio\\src\\components\\ui\\card.tsx"
2025-10-03T13:44:34.606771Z  INFO scan_sources: tailwindcss_oxide::scanner: Discovering "C:\\Dr.Dgb\\2025 VISION\\MY PORTFOLIO\\boris-portfolio\\src\\components\\ui\\code-editor.tsx"
2025-10-03T13:44:34.607031Z  INFO scan_sources: tailwindcss_oxide::scanner: Discovering "C:\\Dr.Dgb\\2025 VISION\\MY PORTFOLIO\\boris-portfolio\\src\\components\\ui\\slider.tsx"
2025-10-03T13:44:34.607302Z  INFO scan_sources: tailwindcss_oxide::scanner: Discovering "C:\\Dr.Dgb\\2025 VISION\\MY PORTFOLIO\\boris-portfolio\\src\\components\\ui\\switch.tsx"
2025-10-03T13:44:34.607635Z  INFO scan_sources: tailwindcss_oxide::scanner: Discovering "C:\\Dr.Dgb\\2025 VISION\\MY PORTFOLIO\\boris-portfolio\\src\\components\\ui\\tabs.tsx"
2025-10-03T13:44:34.608191Z  INFO scan_sources: tailwindcss_oxide::scanner: Discovering "C:\\Dr.Dgb\\2025 VISION\\MY PORTFOLIO\\boris-portfolio\\src\\contexts"
2025-10-03T13:44:34.608846Z  INFO scan_sources: tailwindcss_oxide::scanner: Discovering "C:\\Dr.Dgb\\2025 VISION\\MY PORTFOLIO\\boris-portfolio\\src\\contexts\\recruiter-mode.tsx"
2025-10-03T13:44:34.609222Z  INFO scan_sources: tailwindcss_oxide::scanner: Discovering "C:\\Dr.Dgb\\2025 VISION\\MY PORTFOLIO\\boris-portfolio\\src\\i18n"
2025-10-03T13:44:34.609704Z  INFO scan_sources: tailwindcss_oxide::scanner: Discovering "C:\\Dr.Dgb\\2025 VISION\\MY PORTFOLIO\\boris-portfolio\\src\\i18n\\request.ts"
2025-10-03T13:44:34.610083Z  INFO scan_sources: tailwindcss_oxide::scanner: Discovering "C:\\Dr.Dgb\\2025 VISION\\MY PORTFOLIO\\boris-portfolio\\src\\lib"
2025-10-03T13:44:34.610617Z  INFO scan_sources: tailwindcss_oxide::scanner: Discovering "C:\\Dr.Dgb\\2025 VISION\\MY PORTFOLIO\\boris-portfolio\\src\\lib\\utils.ts"
2025-10-03T13:44:34.610893Z  INFO scan_sources: tailwindcss_oxide::scanner: Discovering "C:\\Dr.Dgb\\2025 VISION\\MY PORTFOLIO\\boris-portfolio\\src\\middleware.ts"
2025-10-03T13:44:34.611671Z  INFO scan_sources: tailwindcss_oxide::scanner: Discovering "C:\\Dr.Dgb\\2025 VISION\\MY PORTFOLIO\\boris-portfolio\\tailwind.config.ts"
2025-10-03T13:44:34.612354Z  INFO scan_sources: tailwindcss_oxide::scanner: Discovering "C:\\Dr.Dgb\\2025 VISION\\MY PORTFOLIO\\boris-portfolio\\tsconfig.json"
2025-10-03T13:44:34.612763Z  INFO scan_sources: tailwindcss_oxide::scanner: exit
2025-10-03T13:44:34.612799Z  INFO extract_candidates: tailwindcss_oxide::scanner: enter
2025-10-03T13:44:34.612822Z  INFO extract_candidates:read_all_files: tailwindcss_oxide::scanner: enter
2025-10-03T13:44:34.612835Z  INFO extract_candidates:read_all_files: tailwindcss_oxide::scanner: Reading 78 file(s)
2025-10-03T13:44:34.613581Z  INFO tailwindcss_oxide::scanner: Reading "C:\\Dr.Dgb\\2025 VISION\\MY PORTFOLIO\\boris-portfolio\\src\\components\\about\\experience-timeline.tsx"
2025-10-03T13:44:34.613664Z  INFO tailwindcss_oxide::scanner: Reading "C:\\Dr.Dgb\\2025 VISION\\MY PORTFOLIO\\boris-portfolio\\public\\vercel.svg"
2025-10-03T13:44:34.613828Z  INFO tailwindcss_oxide::scanner: Reading "C:\\Dr.Dgb\\2025 VISION\\MY PORTFOLIO\\boris-portfolio\\src\\components\\about\\skills-card.tsx"
2025-10-03T13:44:34.613894Z  INFO tailwindcss_oxide::scanner: Reading "C:\\Dr.Dgb\\2025 VISION\\MY PORTFOLIO\\boris-portfolio\\public\\window.svg"
2025-10-03T13:44:34.614036Z  INFO tailwindcss_oxide::scanner: Reading "C:\\Dr.Dgb\\2025 VISION\\MY PORTFOLIO\\boris-portfolio\\src\\components\\accessibility\\a11y-monitor.tsx"
2025-10-03T13:44:34.614212Z  INFO tailwindcss_oxide::scanner: Reading "C:\\Dr.Dgb\\2025 VISION\\MY PORTFOLIO\\boris-portfolio\\src\\components\\analytics\\analytics.tsx"
2025-10-03T13:44:34.614267Z  INFO tailwindcss_oxide::scanner: Reading "C:\\Dr.Dgb\\2025 VISION\\MY PORTFOLIO\\boris-portfolio\\README.md"
2025-10-03T13:44:34.614504Z  INFO tailwindcss_oxide::scanner: Reading "C:\\Dr.Dgb\\2025 VISION\\MY PORTFOLIO\\boris-portfolio\\src\\components\\analytics\\performance-monitor.tsx"
2025-10-03T13:44:34.614568Z  INFO tailwindcss_oxide::scanner: Reading "C:\\Dr.Dgb\\2025 VISION\\MY PORTFOLIO\\boris-portfolio\\src\\app\\api\\resume\\route.ts"
2025-10-03T13:44:34.614718Z  INFO tailwindcss_oxide::scanner: Reading "C:\\Dr.Dgb\\2025 VISION\\MY PORTFOLIO\\boris-portfolio\\src\\components\\case-study\\case-study-layout.tsx"
2025-10-03T13:44:34.614731Z  INFO tailwindcss_oxide::scanner: Reading "C:\\Dr.Dgb\\2025 VISION\\MY PORTFOLIO\\boris-portfolio\\src\\app\\layout.tsx"
2025-10-03T13:44:34.614878Z  INFO tailwindcss_oxide::scanner: Reading "C:\\Dr.Dgb\\2025 VISION\\MY PORTFOLIO\\boris-portfolio\\src\\app\\page.tsx"
2025-10-03T13:44:34.615256Z  INFO tailwindcss_oxide::scanner: Reading "C:\\Dr.Dgb\\2025 VISION\\MY PORTFOLIO\\boris-portfolio\\src\\app\\robots.ts"
2025-10-03T13:44:34.615528Z  INFO tailwindcss_oxide::scanner: Reading "C:\\Dr.Dgb\\2025 VISION\\MY PORTFOLIO\\boris-portfolio\\src\\app\\sitemap.ts"
2025-10-03T13:44:34.615755Z  INFO tailwindcss_oxide::scanner: Reading "C:\\Dr.Dgb\\2025 VISION\\MY PORTFOLIO\\boris-portfolio\\src\\app\\[locale]\\about\\page.tsx"
2025-10-03T13:44:34.615993Z  INFO tailwindcss_oxide::scanner: Reading "C:\\Dr.Dgb\\2025 VISION\\MY PORTFOLIO\\boris-portfolio\\src\\app\\[locale]\\contact\\page.tsx"
2025-10-03T13:44:34.614878Z  INFO tailwindcss_oxide::scanner: Reading "C:\\Dr.Dgb\\2025 VISION\\MY PORTFOLIO\\boris-portfolio\\src\\components\\footer.tsx"
2025-10-03T13:44:34.616192Z  INFO tailwindcss_oxide::scanner: Reading "C:\\Dr.Dgb\\2025 VISION\\MY PORTFOLIO\\boris-portfolio\\src\\app\\[locale]\\layout.tsx"
2025-10-03T13:44:34.616362Z  INFO tailwindcss_oxide::scanner: Reading "C:\\Dr.Dgb\\2025 VISION\\MY PORTFOLIO\\boris-portfolio\\src\\app\\[locale]\\page.tsx"
2025-10-03T13:44:34.616495Z  INFO tailwindcss_oxide::scanner: Reading "C:\\Dr.Dgb\\2025 VISION\\MY PORTFOLIO\\boris-portfolio\\src\\components\\mdx\\mdx-content.tsx"
2025-10-03T13:44:34.616589Z  INFO tailwindcss_oxide::scanner: Reading "C:\\Dr.Dgb\\2025 VISION\\MY PORTFOLIO\\boris-portfolio\\src\\app\\[locale]\\system\\page.tsx"
2025-10-03T13:44:34.616731Z  INFO tailwindcss_oxide::scanner: Reading "C:\\Dr.Dgb\\2025 VISION\\MY PORTFOLIO\\boris-portfolio\\src\\app\\[locale]\\test-monaco\\page.tsx"
2025-10-03T13:44:34.616878Z  INFO tailwindcss_oxide::scanner: Reading "C:\\Dr.Dgb\\2025 VISION\\MY PORTFOLIO\\boris-portfolio\\src\\app\\[locale]\\work\\futurafric-portfolio\\page.tsx"
2025-10-03T13:44:34.616879Z  INFO tailwindcss_oxide::scanner: Reading "C:\\Dr.Dgb\\2025 VISION\\MY PORTFOLIO\\boris-portfolio\\src\\components\\navigation.tsx"
2025-10-03T13:44:34.617054Z  INFO tailwindcss_oxide::scanner: Reading "C:\\Dr.Dgb\\2025 VISION\\MY PORTFOLIO\\boris-portfolio\\src\\app\\[locale]\\work\\page.tsx"
2025-10-03T13:44:34.617136Z  INFO tailwindcss_oxide::scanner: Reading "C:\\Dr.Dgb\\2025 VISION\\MY PORTFOLIO\\boris-portfolio\\src\\components\\sections\\about-hero.tsx"
2025-10-03T13:44:34.617198Z  INFO tailwindcss_oxide::scanner: Reading "C:\\Dr.Dgb\\2025 VISION\\MY PORTFOLIO\\boris-portfolio\\src\\app\\[locale]\\work\\[slug]\\page.tsx"
2025-10-03T13:44:34.617346Z  INFO tailwindcss_oxide::scanner: Reading "C:\\Dr.Dgb\\2025 VISION\\MY PORTFOLIO\\boris-portfolio\\src\\components\\sections\\about-process.tsx"
2025-10-03T13:44:34.617372Z  INFO tailwindcss_oxide::scanner: Reading "C:\\Dr.Dgb\\2025 VISION\\MY PORTFOLIO\\boris-portfolio\\src\\components\\about\\about-header.tsx"
2025-10-03T13:44:34.617544Z  INFO tailwindcss_oxide::scanner: Reading "C:\\Dr.Dgb\\2025 VISION\\MY PORTFOLIO\\boris-portfolio\\src\\components\\sections\\about-timeline.tsx"
2025-10-03T13:44:34.617548Z  INFO tailwindcss_oxide::scanner: Reading "C:\\Dr.Dgb\\2025 VISION\\MY PORTFOLIO\\boris-portfolio\\src\\components\\about\\contact-card.tsx"
2025-10-03T13:44:34.617758Z  INFO tailwindcss_oxide::scanner: Reading "C:\\Dr.Dgb\\2025 VISION\\MY PORTFOLIO\\boris-portfolio\\src\\components\\sections\\about-toolchain.tsx"
2025-10-03T13:44:34.617763Z  INFO tailwindcss_oxide::scanner: Reading "C:\\Dr.Dgb\\2025 VISION\\MY PORTFOLIO\\boris-portfolio\\src\\components\\about\\education-section.tsx"
2025-10-03T13:44:34.617949Z  INFO tailwindcss_oxide::scanner: Reading "C:\\Dr.Dgb\\2025 VISION\\MY PORTFOLIO\\boris-portfolio\\src\\components\\sections\\component-playground.tsx"
2025-10-03T13:44:34.617980Z  INFO tailwindcss_oxide::scanner: Reading "C:\\Dr.Dgb\\2025 VISION\\MY PORTFOLIO\\boris-portfolio\\DEVELOPMENT.md"
2025-10-03T13:44:34.618119Z  INFO tailwindcss_oxide::scanner: Reading "C:\\Dr.Dgb\\2025 VISION\\MY PORTFOLIO\\boris-portfolio\\src\\components\\sections\\contact-form.tsx"
2025-10-03T13:44:34.618147Z  INFO tailwindcss_oxide::scanner: Reading "C:\\Dr.Dgb\\2025 VISION\\MY PORTFOLIO\\boris-portfolio\\eslint.config.mjs"
2025-10-03T13:44:34.618546Z  INFO tailwindcss_oxide::scanner: Reading "C:\\Dr.Dgb\\2025 VISION\\MY PORTFOLIO\\boris-portfolio\\middleware.ts"
2025-10-03T13:44:34.618699Z  INFO tailwindcss_oxide::scanner: Reading "C:\\Dr.Dgb\\2025 VISION\\MY PORTFOLIO\\boris-portfolio\\src\\components\\sections\\contact-hero.tsx"
2025-10-03T13:44:34.619115Z  INFO tailwindcss_oxide::scanner: Reading "C:\\Dr.Dgb\\2025 VISION\\MY PORTFOLIO\\boris-portfolio\\netlify.toml"
2025-10-03T13:44:34.619409Z  INFO tailwindcss_oxide::scanner: Reading "C:\\Dr.Dgb\\2025 VISION\\MY PORTFOLIO\\boris-portfolio\\src\\components\\sections\\contact-info.tsx"
2025-10-03T13:44:34.619493Z  INFO tailwindcss_oxide::scanner: Reading "C:\\Dr.Dgb\\2025 VISION\\MY PORTFOLIO\\boris-portfolio\\next.config.ts"
2025-10-03T13:44:34.619562Z  INFO tailwindcss_oxide::scanner: Reading "C:\\Dr.Dgb\\2025 VISION\\MY PORTFOLIO\\boris-portfolio\\package.json"
2025-10-03T13:44:34.619608Z  INFO tailwindcss_oxide::scanner: Reading "C:\\Dr.Dgb\\2025 VISION\\MY PORTFOLIO\\boris-portfolio\\src\\components\\sections\\design-tokens-panel.tsx"
2025-10-03T13:44:34.619705Z  INFO tailwindcss_oxide::scanner: Reading "C:\\Dr.Dgb\\2025 VISION\\MY PORTFOLIO\\boris-portfolio\\public\\file.svg"
2025-10-03T13:44:34.619781Z  INFO tailwindcss_oxide::scanner: Reading "C:\\Dr.Dgb\\2025 VISION\\MY PORTFOLIO\\boris-portfolio\\postcss.config.mjs"
2025-10-03T13:44:34.619809Z  INFO tailwindcss_oxide::scanner: Reading "C:\\Dr.Dgb\\2025 VISION\\MY PORTFOLIO\\boris-portfolio\\src\\components\\sections\\featured-work.tsx"
2025-10-03T13:44:34.619977Z  INFO tailwindcss_oxide::scanner: Reading "C:\\Dr.Dgb\\2025 VISION\\MY PORTFOLIO\\boris-portfolio\\src\\components\\sections\\hero.tsx"
2025-10-03T13:44:34.619966Z  INFO tailwindcss_oxide::scanner: Reading "C:\\Dr.Dgb\\2025 VISION\\MY PORTFOLIO\\boris-portfolio\\content\\projects.json"
2025-10-03T13:44:34.620027Z  INFO tailwindcss_oxide::scanner: Reading "C:\\Dr.Dgb\\2025 VISION\\MY PORTFOLIO\\boris-portfolio\\public\\globe.svg"
2025-10-03T13:44:34.620140Z  INFO tailwindcss_oxide::scanner: Reading "C:\\Dr.Dgb\\2025 VISION\\MY PORTFOLIO\\boris-portfolio\\src\\components\\sections\\recruiter-highlights.tsx"
2025-10-03T13:44:34.620199Z  INFO tailwindcss_oxide::scanner: Reading "C:\\Dr.Dgb\\2025 VISION\\MY PORTFOLIO\\boris-portfolio\\content\\skills.json"
2025-10-03T13:44:34.620199Z  INFO tailwindcss_oxide::scanner: Reading "C:\\Dr.Dgb\\2025 VISION\\MY PORTFOLIO\\boris-portfolio\\public\\next.svg"
2025-10-03T13:44:34.620299Z  INFO tailwindcss_oxide::scanner: Reading "C:\\Dr.Dgb\\2025 VISION\\MY PORTFOLIO\\boris-portfolio\\src\\components\\sections\\typography-playground.tsx"
2025-10-03T13:44:34.620446Z  INFO tailwindcss_oxide::scanner: Reading "C:\\Dr.Dgb\\2025 VISION\\MY PORTFOLIO\\boris-portfolio\\content\\about.json"
2025-10-03T13:44:34.620452Z  INFO tailwindcss_oxide::scanner: Reading "C:\\Dr.Dgb\\2025 VISION\\MY PORTFOLIO\\boris-portfolio\\src\\components\\sections\\work-filters.tsx"
2025-10-03T13:44:34.620534Z  INFO tailwindcss_oxide::scanner: Reading "C:\\Dr.Dgb\\2025 VISION\\MY PORTFOLIO\\boris-portfolio\\content\\translations\\en.json"
2025-10-03T13:44:34.620604Z  INFO tailwindcss_oxide::scanner: Reading "C:\\Dr.Dgb\\2025 VISION\\MY PORTFOLIO\\boris-portfolio\\src\\components\\sections\\work-grid.tsx"
2025-10-03T13:44:34.620670Z  INFO tailwindcss_oxide::scanner: Reading "C:\\Dr.Dgb\\2025 VISION\\MY PORTFOLIO\\boris-portfolio\\content\\case-studies\\futurafric-ui-uplift.mdx"
2025-10-03T13:44:34.620749Z  INFO tailwindcss_oxide::scanner: Reading "C:\\Dr.Dgb\\2025 VISION\\MY PORTFOLIO\\boris-portfolio\\content\\translations\\fr.json"
2025-10-03T13:44:34.620788Z  INFO tailwindcss_oxide::scanner: Reading "C:\\Dr.Dgb\\2025 VISION\\MY PORTFOLIO\\boris-portfolio\\src\\components\\seo\\metadata.tsx"
2025-10-03T13:44:34.620881Z  INFO tailwindcss_oxide::scanner: Reading "C:\\Dr.Dgb\\2025 VISION\\MY PORTFOLIO\\boris-portfolio\\src\\components\\ui\\code-editor.tsx"
2025-10-03T13:44:34.620940Z  INFO tailwindcss_oxide::scanner: Reading "C:\\Dr.Dgb\\2025 VISION\\MY PORTFOLIO\\boris-portfolio\\src\\components\\ui\\badge.tsx"
2025-10-03T13:44:34.620985Z  INFO tailwindcss_oxide::scanner: Reading "C:\\Dr.Dgb\\2025 VISION\\MY PORTFOLIO\\boris-portfolio\\contentlayer.config.ts"
2025-10-03T13:44:34.621059Z  INFO tailwindcss_oxide::scanner: Reading "C:\\Dr.Dgb\\2025 VISION\\MY PORTFOLIO\\boris-portfolio\\src\\components\\ui\\slider.tsx"
2025-10-03T13:44:34.621118Z  INFO tailwindcss_oxide::scanner: Reading "C:\\Dr.Dgb\\2025 VISION\\MY PORTFOLIO\\boris-portfolio\\src\\components\\ui\\before-after-slider.tsx"
2025-10-03T13:44:34.621144Z  INFO tailwindcss_oxide::scanner: Reading "C:\\Dr.Dgb\\2025 VISION\\MY PORTFOLIO\\boris-portfolio\\src\\i18n\\request.ts"
2025-10-03T13:44:34.621216Z  INFO tailwindcss_oxide::scanner: Reading "C:\\Dr.Dgb\\2025 VISION\\MY PORTFOLIO\\boris-portfolio\\src\\components\\ui\\switch.tsx"
2025-10-03T13:44:34.621270Z  INFO tailwindcss_oxide::scanner: Reading "C:\\Dr.Dgb\\2025 VISION\\MY PORTFOLIO\\boris-portfolio\\src\\components\\ui\\button.tsx"
2025-10-03T13:44:34.621297Z  INFO tailwindcss_oxide::scanner: Reading "C:\\Dr.Dgb\\2025 VISION\\MY PORTFOLIO\\boris-portfolio\\src\\lib\\utils.ts"
2025-10-03T13:44:34.621373Z  INFO tailwindcss_oxide::scanner: Reading "C:\\Dr.Dgb\\2025 VISION\\MY PORTFOLIO\\boris-portfolio\\src\\components\\ui\\tabs.tsx"
2025-10-03T13:44:34.621435Z  INFO tailwindcss_oxide::scanner: Reading "C:\\Dr.Dgb\\2025 VISION\\MY PORTFOLIO\\boris-portfolio\\src\\components\\ui\\card.tsx"
2025-10-03T13:44:34.621472Z  INFO tailwindcss_oxide::scanner: Reading "C:\\Dr.Dgb\\2025 VISION\\MY PORTFOLIO\\boris-portfolio\\src\\middleware.ts"
2025-10-03T13:44:34.621519Z  INFO tailwindcss_oxide::scanner: Reading "C:\\Dr.Dgb\\2025 VISION\\MY PORTFOLIO\\boris-portfolio\\src\\contexts\\recruiter-mode.tsx"
2025-10-03T13:44:34.621634Z  INFO tailwindcss_oxide::scanner: Reading "C:\\Dr.Dgb\\2025 VISION\\MY PORTFOLIO\\boris-portfolio\\tsconfig.json"
2025-10-03T13:44:34.621634Z  INFO tailwindcss_oxide::scanner: Reading "C:\\Dr.Dgb\\2025 VISION\\MY PORTFOLIO\\boris-portfolio\\tailwind.config.ts"
2025-10-03T13:44:34.621669Z  INFO tailwindcss_oxide::scanner: Reading "C:\\Dr.Dgb\\2025 VISION\\MY PORTFOLIO\\boris-portfolio\\.eslintrc.json"
2025-10-03T13:44:34.621955Z  INFO tailwindcss_oxide::scanner: Reading "C:\\Dr.Dgb\\2025 VISION\\MY PORTFOLIO\\boris-portfolio\\content\\about-detailed.json"
2025-10-03T13:44:34.622057Z  INFO extract_candidates:read_all_files: tailwindcss_oxide::scanner: exit
2025-10-03T13:44:34.622087Z  INFO extract_candidates:parse_all_blobs: tailwindcss_oxide::scanner: enter
2025-10-03T13:44:34.622107Z  INFO extract_candidates:parse_all_blobs:extract: tailwindcss_oxide::scanner: enter
2025-10-03T13:44:34.635875Z  INFO extract_candidates:parse_all_blobs:extract: tailwindcss_oxide::scanner: exit
2025-10-03T13:44:34.636121Z  INFO extract_candidates:parse_all_blobs: tailwindcss_oxide::scanner: exit
2025-10-03T13:44:34.636173Z  INFO extract_candidates:read_all_files: tailwindcss_oxide::scanner: enter
2025-10-03T13:44:34.636193Z  INFO extract_candidates:read_all_files: tailwindcss_oxide::scanner: Reading 1 file(s)
2025-10-03T13:44:34.637022Z  INFO extract_candidates:read_all_files: tailwindcss_oxide::scanner: Reading "C:\\Dr.Dgb\\2025 VISION\\MY PORTFOLIO\\boris-portfolio\\src\\app\\globals.css"
2025-10-03T13:44:34.637163Z  INFO extract_candidates:read_all_files: tailwindcss_oxide::scanner: exit
2025-10-03T13:44:34.637250Z  INFO extract_candidates:extract_css_variables: tailwindcss_oxide::scanner: enter
2025-10-03T13:44:34.637296Z  INFO extract_candidates:extract_css_variables:extract: tailwindcss_oxide::scanner: enter
2025-10-03T13:44:34.637516Z  INFO extract_candidates:extract_css_variables:extract: tailwindcss_oxide::scanner: exit
2025-10-03T13:44:34.637554Z  INFO extract_candidates:extract_css_variables: tailwindcss_oxide::scanner: exit
2025-10-03T13:44:34.638770Z  INFO extract_candidates: tailwindcss_oxide::scanner: exit
2025-10-03T13:44:34.640898Z  INFO get_files: tailwindcss_oxide::scanner: enter
2025-10-03T13:44:34.640934Z  INFO get_files:scan_sources: tailwindcss_oxide::scanner: enter
2025-10-03T13:44:34.647712Z  INFO get_files:scan_sources: tailwindcss_oxide::scanner: Discovering "C:\\Dr.Dgb\\2025 VISION\\MY PORTFOLIO\\boris-portfolio\\content"
2025-10-03T13:44:34.649978Z  INFO get_files:scan_sources: tailwindcss_oxide::scanner: Discovering "C:\\Dr.Dgb\\2025 VISION\\MY PORTFOLIO\\boris-portfolio\\content\\case-studies"
2025-10-03T13:44:34.652309Z  INFO get_files:scan_sources: tailwindcss_oxide::scanner: Discovering "C:\\Dr.Dgb\\2025 VISION\\MY PORTFOLIO\\boris-portfolio\\content\\translations"
2025-10-03T13:44:34.656239Z  INFO get_files:scan_sources: tailwindcss_oxide::scanner: Discovering "C:\\Dr.Dgb\\2025 VISION\\MY PORTFOLIO\\boris-portfolio\\public"
2025-10-03T13:44:34.656965Z  INFO get_files:scan_sources: tailwindcss_oxide::scanner: Discovering "C:\\Dr.Dgb\\2025 VISION\\MY PORTFOLIO\\boris-portfolio\\public\\documents"
2025-10-03T13:44:34.658176Z  INFO get_files:scan_sources: tailwindcss_oxide::scanner: Discovering "C:\\Dr.Dgb\\2025 VISION\\MY PORTFOLIO\\boris-portfolio\\public\\images"
2025-10-03T13:44:34.658842Z  INFO get_files:scan_sources: tailwindcss_oxide::scanner: Discovering "C:\\Dr.Dgb\\2025 VISION\\MY PORTFOLIO\\boris-portfolio\\public\\images\\projects"
2025-10-03T13:44:34.659475Z  INFO get_files:scan_sources: tailwindcss_oxide::scanner: Discovering "C:\\Dr.Dgb\\2025 VISION\\MY PORTFOLIO\\boris-portfolio\\public\\images\\projects\\futurafric"
2025-10-03T13:44:34.660868Z  INFO get_files:scan_sources: tailwindcss_oxide::scanner: Discovering "C:\\Dr.Dgb\\2025 VISION\\MY PORTFOLIO\\boris-portfolio\\src"
2025-10-03T13:44:34.662720Z  INFO get_files:scan_sources: tailwindcss_oxide::scanner: Discovering "C:\\Dr.Dgb\\2025 VISION\\MY PORTFOLIO\\boris-portfolio\\src\\app"
2025-10-03T13:44:34.663399Z  INFO get_files:scan_sources: tailwindcss_oxide::scanner: Discovering "C:\\Dr.Dgb\\2025 VISION\\MY PORTFOLIO\\boris-portfolio\\src\\app\\api"
2025-10-03T13:44:34.664024Z  INFO get_files:scan_sources: tailwindcss_oxide::scanner: Discovering "C:\\Dr.Dgb\\2025 VISION\\MY PORTFOLIO\\boris-portfolio\\src\\app\\api\\resume"
2025-10-03T13:44:34.672307Z  INFO get_files:scan_sources: tailwindcss_oxide::scanner: Discovering "C:\\Dr.Dgb\\2025 VISION\\MY PORTFOLIO\\boris-portfolio\\src\\app\\[locale]"
2025-10-03T13:44:34.673314Z  INFO get_files:scan_sources: tailwindcss_oxide::scanner: Discovering "C:\\Dr.Dgb\\2025 VISION\\MY PORTFOLIO\\boris-portfolio\\src\\app\\[locale]\\about"
2025-10-03T13:44:34.674036Z  INFO get_files:scan_sources: tailwindcss_oxide::scanner: Discovering "C:\\Dr.Dgb\\2025 VISION\\MY PORTFOLIO\\boris-portfolio\\src\\app\\[locale]\\contact"
2025-10-03T13:44:34.674887Z  INFO get_files:scan_sources: tailwindcss_oxide::scanner: Discovering "C:\\Dr.Dgb\\2025 VISION\\MY PORTFOLIO\\boris-portfolio\\src\\app\\[locale]\\system"
2025-10-03T13:44:34.675586Z  INFO get_files:scan_sources: tailwindcss_oxide::scanner: Discovering "C:\\Dr.Dgb\\2025 VISION\\MY PORTFOLIO\\boris-portfolio\\src\\app\\[locale]\\test-monaco"
2025-10-03T13:44:34.676239Z  INFO get_files:scan_sources: tailwindcss_oxide::scanner: Discovering "C:\\Dr.Dgb\\2025 VISION\\MY PORTFOLIO\\boris-portfolio\\src\\app\\[locale]\\work"
2025-10-03T13:44:34.676772Z  INFO get_files:scan_sources: tailwindcss_oxide::scanner: Discovering "C:\\Dr.Dgb\\2025 VISION\\MY PORTFOLIO\\boris-portfolio\\src\\app\\[locale]\\work\\futurafric-portfolio"
2025-10-03T13:44:34.677531Z  INFO get_files:scan_sources: tailwindcss_oxide::scanner: Discovering "C:\\Dr.Dgb\\2025 VISION\\MY PORTFOLIO\\boris-portfolio\\src\\app\\[locale]\\work\\[slug]"
2025-10-03T13:44:34.679447Z  INFO get_files:scan_sources: tailwindcss_oxide::scanner: Discovering "C:\\Dr.Dgb\\2025 VISION\\MY PORTFOLIO\\boris-portfolio\\src\\components"
2025-10-03T13:44:34.680047Z  INFO get_files:scan_sources: tailwindcss_oxide::scanner: Discovering "C:\\Dr.Dgb\\2025 VISION\\MY PORTFOLIO\\boris-portfolio\\src\\components\\about"
2025-10-03T13:44:34.681202Z  INFO get_files:scan_sources: tailwindcss_oxide::scanner: Discovering "C:\\Dr.Dgb\\2025 VISION\\MY PORTFOLIO\\boris-portfolio\\src\\components\\accessibility"
2025-10-03T13:44:34.682454Z  INFO get_files:scan_sources: tailwindcss_oxide::scanner: Discovering "C:\\Dr.Dgb\\2025 VISION\\MY PORTFOLIO\\boris-portfolio\\src\\components\\analytics"
2025-10-03T13:44:34.683569Z  INFO get_files:scan_sources: tailwindcss_oxide::scanner: Discovering "C:\\Dr.Dgb\\2025 VISION\\MY PORTFOLIO\\boris-portfolio\\src\\components\\case-study"
2025-10-03T13:44:34.684560Z  INFO get_files:scan_sources: tailwindcss_oxide::scanner: Discovering "C:\\Dr.Dgb\\2025 VISION\\MY PORTFOLIO\\boris-portfolio\\src\\components\\mdx"
2025-10-03T13:44:34.686862Z  INFO get_files:scan_sources: tailwindcss_oxide::scanner: Discovering "C:\\Dr.Dgb\\2025 VISION\\MY PORTFOLIO\\boris-portfolio\\src\\components\\sections"
2025-10-03T13:44:34.690019Z  INFO get_files:scan_sources: tailwindcss_oxide::scanner: Discovering "C:\\Dr.Dgb\\2025 VISION\\MY PORTFOLIO\\boris-portfolio\\src\\components\\seo"
2025-10-03T13:44:34.691015Z  INFO get_files:scan_sources: tailwindcss_oxide::scanner: Discovering "C:\\Dr.Dgb\\2025 VISION\\MY PORTFOLIO\\boris-portfolio\\src\\components\\ui"
2025-10-03T13:44:34.692504Z  INFO get_files:scan_sources: tailwindcss_oxide::scanner: Discovering "C:\\Dr.Dgb\\2025 VISION\\MY PORTFOLIO\\boris-portfolio\\src\\contexts"
2025-10-03T13:44:34.693283Z  INFO get_files:scan_sources: tailwindcss_oxide::scanner: Discovering "C:\\Dr.Dgb\\2025 VISION\\MY PORTFOLIO\\boris-portfolio\\src\\i18n"
2025-10-03T13:44:34.694269Z  INFO get_files:scan_sources: tailwindcss_oxide::scanner: Discovering "C:\\Dr.Dgb\\2025 VISION\\MY PORTFOLIO\\boris-portfolio\\src\\lib"
2025-10-03T13:44:34.696581Z  INFO get_files:scan_sources: tailwindcss_oxide::scanner: exit
2025-10-03T13:44:34.696750Z  INFO get_files: tailwindcss_oxide::scanner: exit
2025-10-03T13:44:34.700414Z  INFO get_globs: tailwindcss_oxide::scanner: enter
2025-10-03T13:44:34.700463Z  INFO get_globs:scan_sources: tailwindcss_oxide::scanner: enter
2025-10-03T13:44:34.709260Z  INFO get_globs:scan_sources: tailwindcss_oxide::scanner: Discovering "C:\\Dr.Dgb\\2025 VISION\\MY PORTFOLIO\\boris-portfolio\\content"
2025-10-03T13:44:34.712365Z  INFO get_globs:scan_sources: tailwindcss_oxide::scanner: Discovering "C:\\Dr.Dgb\\2025 VISION\\MY PORTFOLIO\\boris-portfolio\\content\\case-studies"
2025-10-03T13:44:34.713670Z  INFO get_globs:scan_sources: tailwindcss_oxide::scanner: Discovering "C:\\Dr.Dgb\\2025 VISION\\MY PORTFOLIO\\boris-portfolio\\content\\translations"
2025-10-03T13:44:34.719557Z  INFO get_globs:scan_sources: tailwindcss_oxide::scanner: Discovering "C:\\Dr.Dgb\\2025 VISION\\MY PORTFOLIO\\boris-portfolio\\public"
2025-10-03T13:44:34.720420Z  INFO get_globs:scan_sources: tailwindcss_oxide::scanner: Discovering "C:\\Dr.Dgb\\2025 VISION\\MY PORTFOLIO\\boris-portfolio\\public\\documents"
2025-10-03T13:44:34.721677Z  INFO get_globs:scan_sources: tailwindcss_oxide::scanner: Discovering "C:\\Dr.Dgb\\2025 VISION\\MY PORTFOLIO\\boris-portfolio\\public\\images"
2025-10-03T13:44:34.722478Z  INFO get_globs:scan_sources: tailwindcss_oxide::scanner: Discovering "C:\\Dr.Dgb\\2025 VISION\\MY PORTFOLIO\\boris-portfolio\\public\\images\\projects"
2025-10-03T13:44:34.723281Z  INFO get_globs:scan_sources: tailwindcss_oxide::scanner: Discovering "C:\\Dr.Dgb\\2025 VISION\\MY PORTFOLIO\\boris-portfolio\\public\\images\\projects\\futurafric"
2025-10-03T13:44:34.725611Z  INFO get_globs:scan_sources: tailwindcss_oxide::scanner: Discovering "C:\\Dr.Dgb\\2025 VISION\\MY PORTFOLIO\\boris-portfolio\\src"
2025-10-03T13:44:34.726625Z  INFO get_globs:scan_sources: tailwindcss_oxide::scanner: Discovering "C:\\Dr.Dgb\\2025 VISION\\MY PORTFOLIO\\boris-portfolio\\src\\app"
2025-10-03T13:44:34.727238Z  INFO get_globs:scan_sources: tailwindcss_oxide::scanner: Discovering "C:\\Dr.Dgb\\2025 VISION\\MY PORTFOLIO\\boris-portfolio\\src\\app\\api"
2025-10-03T13:44:34.728857Z  INFO get_globs:scan_sources: tailwindcss_oxide::scanner: Discovering "C:\\Dr.Dgb\\2025 VISION\\MY PORTFOLIO\\boris-portfolio\\src\\app\\api\\resume"
2025-10-03T13:44:34.730266Z  INFO get_globs:scan_sources: tailwindcss_oxide::scanner: Discovering "C:\\Dr.Dgb\\2025 VISION\\MY PORTFOLIO\\boris-portfolio\\src\\app\\[locale]"
2025-10-03T13:44:34.730856Z  INFO get_globs:scan_sources: tailwindcss_oxide::scanner: Discovering "C:\\Dr.Dgb\\2025 VISION\\MY PORTFOLIO\\boris-portfolio\\src\\app\\[locale]\\about"
2025-10-03T13:44:34.732189Z  INFO get_globs:scan_sources: tailwindcss_oxide::scanner: Discovering "C:\\Dr.Dgb\\2025 VISION\\MY PORTFOLIO\\boris-portfolio\\src\\app\\[locale]\\contact"
2025-10-03T13:44:34.733791Z  INFO get_globs:scan_sources: tailwindcss_oxide::scanner: Discovering "C:\\Dr.Dgb\\2025 VISION\\MY PORTFOLIO\\boris-portfolio\\src\\app\\[locale]\\system"
2025-10-03T13:44:34.734717Z  INFO get_globs:scan_sources: tailwindcss_oxide::scanner: Discovering "C:\\Dr.Dgb\\2025 VISION\\MY PORTFOLIO\\boris-portfolio\\src\\app\\[locale]\\test-monaco"
2025-10-03T13:44:34.736496Z  INFO get_globs:scan_sources: tailwindcss_oxide::scanner: Discovering "C:\\Dr.Dgb\\2025 VISION\\MY PORTFOLIO\\boris-portfolio\\src\\app\\[locale]\\work"
2025-10-03T13:44:34.737256Z  INFO get_globs:scan_sources: tailwindcss_oxide::scanner: Discovering "C:\\Dr.Dgb\\2025 VISION\\MY PORTFOLIO\\boris-portfolio\\src\\app\\[locale]\\work\\futurafric-portfolio"
2025-10-03T13:44:34.738096Z  INFO get_globs:scan_sources: tailwindcss_oxide::scanner: Discovering "C:\\Dr.Dgb\\2025 VISION\\MY PORTFOLIO\\boris-portfolio\\src\\app\\[locale]\\work\\[slug]"
2025-10-03T13:44:34.739001Z  INFO get_globs:scan_sources: tailwindcss_oxide::scanner: Discovering "C:\\Dr.Dgb\\2025 VISION\\MY PORTFOLIO\\boris-portfolio\\src\\components"
2025-10-03T13:44:34.739613Z  INFO get_globs:scan_sources: tailwindcss_oxide::scanner: Discovering "C:\\Dr.Dgb\\2025 VISION\\MY PORTFOLIO\\boris-portfolio\\src\\components\\about"
2025-10-03T13:44:34.740677Z  INFO get_globs:scan_sources: tailwindcss_oxide::scanner: Discovering "C:\\Dr.Dgb\\2025 VISION\\MY PORTFOLIO\\boris-portfolio\\src\\components\\accessibility"
2025-10-03T13:44:34.741348Z  INFO get_globs:scan_sources: tailwindcss_oxide::scanner: Discovering "C:\\Dr.Dgb\\2025 VISION\\MY PORTFOLIO\\boris-portfolio\\src\\components\\analytics"
2025-10-03T13:44:34.742116Z  INFO get_globs:scan_sources: tailwindcss_oxide::scanner: Discovering "C:\\Dr.Dgb\\2025 VISION\\MY PORTFOLIO\\boris-portfolio\\src\\components\\case-study"
2025-10-03T13:44:34.742976Z  INFO get_globs:scan_sources: tailwindcss_oxide::scanner: Discovering "C:\\Dr.Dgb\\2025 VISION\\MY PORTFOLIO\\boris-portfolio\\src\\components\\mdx"
2025-10-03T13:44:34.743797Z  INFO get_globs:scan_sources: tailwindcss_oxide::scanner: Discovering "C:\\Dr.Dgb\\2025 VISION\\MY PORTFOLIO\\boris-portfolio\\src\\components\\sections"
2025-10-03T13:44:34.749282Z  INFO get_globs:scan_sources: tailwindcss_oxide::scanner: Discovering "C:\\Dr.Dgb\\2025 VISION\\MY PORTFOLIO\\boris-portfolio\\src\\components\\seo"
2025-10-03T13:44:34.750619Z  INFO get_globs:scan_sources: tailwindcss_oxide::scanner: Discovering "C:\\Dr.Dgb\\2025 VISION\\MY PORTFOLIO\\boris-portfolio\\src\\components\\ui"
2025-10-03T13:44:34.752799Z  INFO get_globs:scan_sources: tailwindcss_oxide::scanner: Discovering "C:\\Dr.Dgb\\2025 VISION\\MY PORTFOLIO\\boris-portfolio\\src\\contexts"
2025-10-03T13:44:34.753876Z  INFO get_globs:scan_sources: tailwindcss_oxide::scanner: Discovering "C:\\Dr.Dgb\\2025 VISION\\MY PORTFOLIO\\boris-portfolio\\src\\i18n"
2025-10-03T13:44:34.755457Z  INFO get_globs:scan_sources: tailwindcss_oxide::scanner: Discovering "C:\\Dr.Dgb\\2025 VISION\\MY PORTFOLIO\\boris-portfolio\\src\\lib"
2025-10-03T13:44:34.757279Z  INFO get_globs:scan_sources: tailwindcss_oxide::scanner: exit
2025-10-03T13:44:34.810149Z  INFO get_globs: tailwindcss_oxide::scanner: exit
